[debug] [2023-03-05T06:29:23.228Z] ----------------------------------------------------------------------
[debug] [2023-03-05T06:29:23.230Z] Command:       /Users/kazuki/.nodebrew/node/v14.16.1/bin/node /Users/kazuki/.npm_global/bin/firebase init
[debug] [2023-03-05T06:29:23.230Z] CLI Version:   9.10.0
[debug] [2023-03-05T06:29:23.230Z] Platform:      darwin
[debug] [2023-03-05T06:29:23.230Z] Node Version:  v14.16.1
[debug] [2023-03-05T06:29:23.231Z] Time:          Sun Mar 05 2023 15:29:23 GMT+0900 (日本標準時)
[debug] [2023-03-05T06:29:23.232Z] ----------------------------------------------------------------------
[debug] 
[debug] [2023-03-05T06:29:23.234Z] >>> [apiv2][query] GET https://firebase-public.firebaseio.com/cli.json [none]
[debug] [2023-03-05T06:29:23.255Z] > command requires scopes: ["email","openid","https://www.googleapis.com/auth/cloudplatformprojects.readonly","https://www.googleapis.com/auth/firebase","https://www.googleapis.com/auth/cloud-platform"]
[debug] [2023-03-05T06:29:23.256Z] > authorizing via signed-in user (efforts.pay.off.k92uk1@gmail.com)
[info] 
     ######## #### ########  ######## ########     ###     ######  ########
     ##        ##  ##     ## ##       ##     ##  ##   ##  ##       ##
     ######    ##  ########  ######   ########  #########  ######  ######
     ##        ##  ##    ##  ##       ##     ## ##     ##       ## ##
     ##       #### ##     ## ######## ########  ##     ##  ######  ########

You're about to initialize a Firebase project in this directory:

  /Users/kazuki/Documents/code/react_tips

[debug] [2023-03-05T06:29:23.622Z] <<< [apiv2][status] GET https://firebase-public.firebaseio.com/cli.json 200
[debug] [2023-03-05T06:29:23.622Z] <<< [apiv2][body] GET https://firebase-public.firebaseio.com/cli.json {"cloudBuildErrorAfter":1594252800000,"cloudBuildWarnAfter":1590019200000,"defaultNode10After":1594252800000,"minVersion":"3.0.5","node8DeploysDisabledAfter":1613390400000,"node8RuntimeDisabledAfter":1615809600000,"node8WarnAfter":1600128000000}
[info] 
=== Project Setup
[info] 
[info] First, let's associate this project directory with a Firebase project.
[info] You can create multiple project aliases by running firebase use --add, 
[info] but for now we'll just set up a default project.
[info] 
[debug] [2023-03-05T06:29:57.821Z] > refreshing access token with scopes: []
[debug] [2023-03-05T06:29:57.822Z] >>> HTTP REQUEST POST https://www.googleapis.com/oauth2/v3/token  
 <request body omitted>
[debug] [2023-03-05T06:29:58.220Z] <<< HTTP RESPONSE 400 {"expires":"Mon, 01 Jan 1990 00:00:00 GMT","cache-control":"no-cache, no-store, max-age=0, must-revalidate","pragma":"no-cache","date":"Sun, 05 Mar 2023 06:29:58 GMT","content-type":"application/json; charset=utf-8","vary":"X-Origin, Referer, Origin,Accept-Encoding","server":"scaffolding on HTTPServer2","x-xss-protection":"0","x-frame-options":"SAMEORIGIN","x-content-type-options":"nosniff","alt-svc":"h3=\":443\"; ma=2592000,h3-29=\":443\"; ma=2592000","accept-ranges":"none","transfer-encoding":"chunked"}
[debug] [2023-03-05T06:29:58.223Z] >>> [apiv2][query] GET https://firebase.googleapis.com/v1beta1/projects pageSize=100
[debug] [2023-03-05T06:29:58.730Z] <<< [apiv2][status] GET https://firebase.googleapis.com/v1beta1/projects 401
[debug] [2023-03-05T06:29:58.731Z] <<< [apiv2][body] GET https://firebase.googleapis.com/v1beta1/projects [omitted]
[debug] [2023-03-05T06:29:58.731Z] HTTP Error: 401, Request had invalid authentication credentials. Expected OAuth 2 access token, login cookie or other valid authentication credential. See https://developers.google.com/identity/sign-in/web/devconsole-project.
[debug] [2023-03-05T06:29:58.830Z] FirebaseError: HTTP Error: 401, Request had invalid authentication credentials. Expected OAuth 2 access token, login cookie or other valid authentication credential. See https://developers.google.com/identity/sign-in/web/devconsole-project.
    at module.exports (/Users/kazuki/.npm_global/lib/node_modules/firebase-tools/lib/responseToError.js:38:12)
    at Client.doRequest (/Users/kazuki/.npm_global/lib/node_modules/firebase-tools/lib/apiv2.js:238:23)
    at processTicksAndRejections (internal/process/task_queues.js:93:5)
    at async Client.request (/Users/kazuki/.npm_global/lib/node_modules/firebase-tools/lib/apiv2.js:96:20)
    at async getProjectPage (/Users/kazuki/.npm_global/lib/node_modules/firebase-tools/lib/management/projects.js:233:17)
    at async getFirebaseProjectPage (/Users/kazuki/.npm_global/lib/node_modules/firebase-tools/lib/management/projects.js:250:23)
    at async selectProjectInteractively (/Users/kazuki/.npm_global/lib/node_modules/firebase-tools/lib/management/projects.js:95:41)
    at async Object.doSetup [as project] (/Users/kazuki/.npm_global/lib/node_modules/firebase-tools/lib/init/features/project.js:87:27)
    at async init (/Users/kazuki/.npm_global/lib/node_modules/firebase-tools/lib/init/index.js:19:9)
[error] 
[error] Error: Failed to list Firebase projects. See firebase-debug.log for more info.
